<?xml version="1.0" encoding="UTF-8"?>
<!-- Generated by org.testng.reporters.JUnitReportReporter -->
<testsuite hostname="Umesha-K" failures="0" tests="1" name="Practice.Parameter" time="0.009" errors="0" timestamp="2023-04-19T19:38:10 IST" skipped="0">
  <testcase classname="Practice.Parameter" name="m1" time="0.009"/>
  <system-out/>
</testsuite> <!-- Practice.Parameter -->
